<?xml version="1.0" encoding="UTF-8"?>
<!-- Generated by org.testng.reporters.JUnitReportReporter -->
<testsuite hostname="rayhan" failures="0" tests="2" name="com.regression.CucumberRunner" time="5.284" errors="0" timestamp="2023-06-27T18:51:47 EDT" skipped="0">
  <testcase classname="com.regression.CucumberRunner" name="runScenario" time="1.550"/>
  <system-out/>
  <testcase classname="com.regression.CucumberRunner" name="runScenario" time="3.734"/>
  <system-out/>
</testsuite> <!-- com.regression.CucumberRunner -->
