<?xml version="1.0" encoding="UTF-8"?>
<!-- Generated by org.testng.reporters.JUnitReportReporter -->
<testsuite hostname="rayhan" failures="0" tests="1" name="com.generi.OnlineBanking" time="3.345" errors="0" timestamp="2023-06-26T19:39:43 EDT" skipped="0">
  <testcase classname="com.generi.OnlineBanking" name="getLogin" time="3.345"/>
  <system-out/>
</testsuite> <!-- com.generi.OnlineBanking -->
