<?xml version="1.0" encoding="UTF-8"?>
<!-- Generated by org.testng.reporters.JUnitReportReporter -->
<testsuite hostname="rayhan" failures="0" tests="1" name="com.TestNG35.TestNGCoding" time="0.009" errors="0" timestamp="2023-07-25T21:53:21 EDT" skipped="0">
  <testcase classname="com.TestNG35.TestNGCoding" name="TestExecucation" time="0.009"/>
  <system-out/>
</testsuite> <!-- com.TestNG35.TestNGCoding -->
