<?xml version="1.0" encoding="UTF-8"?>
<!-- Generated by org.testng.reporters.JUnitReportReporter -->
<testsuite hostname="rayhan" failures="0" tests="2" name="com.regression.CucumberRunner" time="6.614" errors="0" timestamp="2023-07-24T10:53:30 EDT" skipped="0">
  <testcase classname="com.regression.CucumberRunner" name="runScenario" time="4.373"/>
  <system-out/>
  <testcase classname="com.regression.CucumberRunner" name="runScenario" time="2.241"/>
  <system-out/>
</testsuite> <!-- com.regression.CucumberRunner -->
