<?xml version="1.0" encoding="UTF-8"?>
<!-- Generated by org.testng.reporters.JUnitReportReporter -->
<testsuite hostname="rayhan" failures="0" tests="2" name="com.regression.CucumberRunner" time="8.113" errors="0" timestamp="2023-06-27T18:46:59 EDT" skipped="0">
  <testcase classname="com.regression.CucumberRunner" name="runScenario" time="3.463"/>
  <system-out/>
  <testcase classname="com.regression.CucumberRunner" name="runScenario" time="4.650"/>
  <system-out/>
</testsuite> <!-- com.regression.CucumberRunner -->
